<?xml version="1.0" encoding="UTF-8"?>
<!-- Generated by org.testng.reporters.JUnitXMLReporter -->
<testsuite ignored="20" hostname="GWTN156-9" failures="5" tests="17" name="Test" time="50.904" errors="0" timestamp="2024-01-02T20:34:08 MST">
  <testcase classname="tests_michroTech_DataProvider.Test_Employee_Login" name="test_Employee_Login" time="3.516">
    <skipped/>
  </testcase> <!-- test_Employee_Login -->
  <testcase classname="tests_michroTech_Parameter_DataProvider.copy.Test_Create_Order" name="test_Create_Order" time="9.098"/>
  <testcase classname="tests_dataTables.HomePageVerification" name="homePageVerification" time="7.46"/>
  <testcase classname="tests_michroTech_DataProvider.Test_Customer_Login" name="test_Customer_Login" time="6.3"/>
  <testcase classname="tests_michroTech_DataProvider.HomePageVerification" name="homePageVerify1" time="0.072"/>
  <testcase classname="tests_michroTech_DataProvider.HomePageVerification" name="homePageVerify2" time="0.078">
    <failure type="java.lang.AssertionError" message="------homePageVerify2 Test is Fail will print---------------
	expected [Ayaat] but found [Rosy]">
      <![CDATA[java.lang.AssertionError: ------homePageVerify2 Test is Fail will print---------------
expected [Ayaat] but found [Rosy]
at tests_michroTech_DataProvider.HomePageVerification.homePageVerify2(HomePageVerification.java:31)
at java.base/java.util.ArrayList.forEach(ArrayList.java:1511)
... Removed 28 stack frames]]>
    </failure>
  </testcase> <!-- homePageVerify2 -->
  <testcase classname="tests_michroTech_DataProvider.HomePageVerification" name="homePageVerify3" time="0.062">
    <failure type="java.lang.AssertionError" message="-------------------Home Page3 Test Fail-----------------------">
      <![CDATA[java.lang.AssertionError: -------------------Home Page3 Test Fail-----------------------
at tests_michroTech_DataProvider.HomePageVerification.homePageVerify3(HomePageVerification.java:40)
at java.base/java.util.ArrayList.forEach(ArrayList.java:1511)
... Removed 28 stack frames]]>
    </failure>
  </testcase> <!-- homePageVerify3 -->
  <testcase classname="tests_michroTech_DataProvider.HomePageVerification" name="homePageVerify4" time="0.065">
    <skipped/>
  </testcase> <!-- homePageVerify4 -->
  <testcase classname="tests_michroTech_DataProvider.HomePageVerification" name="homePageVerify5" time="0.046">
    <failure type="java.lang.AssertionError" message="------------homePageVerify5 Soft Assertion Done-------------
	expected [Ayaat] but found [Rosy],
	---------This stmt will be executed bcoz of Soft Assertion---------- expected [true] but found [false]">
      <![CDATA[java.lang.AssertionError: ------------homePageVerify5 Soft Assertion Done-------------
expected [Ayaat] but found [Rosy],
---------This stmt will be executed bcoz of Soft Assertion---------- expected [true] but found [false]
at tests_michroTech_DataProvider.HomePageVerification.homePageVerify5(HomePageVerification.java:59)
at java.base/java.util.ArrayList.forEach(ArrayList.java:1511)
... Removed 28 stack frames]]>
    </failure>
  </testcase> <!-- homePageVerify5 -->
  <testcase classname="tests_michroTech_DataProvider.HomePageVerification" name="homePageVerify6" time="0.051">
    <failure type="java.lang.AssertionError" message="-------No further stmt will not be executed bcoz of Hard Assertion---- expected [true] but found [false]">
      <![CDATA[java.lang.AssertionError: -------No further stmt will not be executed bcoz of Hard Assertion---- expected [true] but found [false]
at tests_michroTech_DataProvider.HomePageVerification.homePageVerify6(HomePageVerification.java:67)
at java.base/java.util.ArrayList.forEach(ArrayList.java:1511)
... Removed 30 stack frames]]>
    </failure>
  </testcase> <!-- homePageVerify6 -->
  <testcase classname="tests_dataTables.Class2_DataTable" name="class2_DataTable" time="5.235"/>
  <testcase classname="tests_michroTech_DataProvider.Test_Create_Order" name="test_Create_Order" time="9.305"/>
  <testcase classname="tests_michroTech_Parameter_DataProvider.copy.homePage_data_Provider" name="receiveData" time="0.0">
    <failure type="org.testng.TestNGException" message="
Method public void tests_michroTech_Parameter_DataProvider.copy.homePage_data_Provider.receiveData(java.lang.String,java.lang.String,java.lang.String) requires a @DataProvider named : passData">
      <![CDATA[org.testng.TestNGException: 
Method public void tests_michroTech_Parameter_DataProvider.copy.homePage_data_Provider.receiveData(java.lang.String,java.lang.String,java.lang.String) requires a @DataProvider named : passData
at java.base/java.util.ArrayList.forEach(ArrayList.java:1511)
... Removed 24 stack frames]]>
    </failure>
  </testcase> <!-- receiveData -->
  <testcase classname="tests_michroTech_Parameter_DataProvider.copy.homePage_data_Provider2" name="receiveData" time="0.001"/>
  <testcase classname="tests_michroTech_Parameter_DataProvider.copy.homePage_data_Provider2" name="receiveData" time="0.001"/>
  <testcase classname="tests_michroTech_Parameter_DataProvider.copy.Test_Customer_Login" name="test_Customer_Login" time="5.586"/>
  <testcase classname="tests_michroTech_Parameter_DataProvider.copy.Test_Employee_Login" name="test_Employee_Login" time="2.575"/>
  <testcase classname="base.Base" name="@AfterSuite Close_All" time="0.0">
    <ignored/>
  </testcase> <!-- @AfterSuite Close_All -->
  <testcase classname="base.Base" name="@BeforeSuite startUp" time="0.0">
    <ignored/>
  </testcase> <!-- @BeforeSuite startUp -->
  <testcase classname="base.Base" name="@BeforeSuite startUp" time="0.0">
    <ignored/>
  </testcase> <!-- @BeforeSuite startUp -->
  <testcase classname="base.Base" name="@BeforeSuite startUp" time="0.0">
    <ignored/>
  </testcase> <!-- @BeforeSuite startUp -->
  <testcase classname="base.Base" name="@AfterSuite Close_All" time="0.0">
    <ignored/>
  </testcase> <!-- @AfterSuite Close_All -->
  <testcase classname="base.Base" name="@BeforeSuite startUp" time="0.0">
    <ignored/>
  </testcase> <!-- @BeforeSuite startUp -->
  <testcase classname="base.Base" name="@BeforeSuite startUp" time="0.0">
    <ignored/>
  </testcase> <!-- @BeforeSuite startUp -->
  <testcase classname="base.Base" name="@BeforeSuite startUp" time="0.0">
    <ignored/>
  </testcase> <!-- @BeforeSuite startUp -->
  <testcase classname="base.Base" name="@BeforeSuite startUp" time="0.0">
    <ignored/>
  </testcase> <!-- @BeforeSuite startUp -->
  <testcase classname="base.Base" name="@AfterSuite Close_All" time="0.0">
    <ignored/>
  </testcase> <!-- @AfterSuite Close_All -->
  <testcase classname="base.Base" name="@BeforeSuite startUp" time="0.0">
    <ignored/>
  </testcase> <!-- @BeforeSuite startUp -->
  <testcase classname="base.Base" name="@AfterSuite Close_All" time="0.0">
    <ignored/>
  </testcase> <!-- @AfterSuite Close_All -->
  <testcase classname="base.Base" name="@AfterSuite Close_All" time="0.0">
    <ignored/>
  </testcase> <!-- @AfterSuite Close_All -->
  <testcase classname="base.Base" name="@AfterSuite Close_All" time="0.0">
    <ignored/>
  </testcase> <!-- @AfterSuite Close_All -->
  <testcase classname="base.Base" name="@AfterSuite Close_All" time="0.0">
    <ignored/>
  </testcase> <!-- @AfterSuite Close_All -->
  <testcase classname="base.Base" name="@AfterSuite Close_All" time="0.0">
    <ignored/>
  </testcase> <!-- @AfterSuite Close_All -->
  <testcase classname="base.Base" name="@BeforeSuite startUp" time="0.0">
    <ignored/>
  </testcase> <!-- @BeforeSuite startUp -->
  <testcase classname="base.Base" name="@AfterSuite Close_All" time="0.0">
    <ignored/>
  </testcase> <!-- @AfterSuite Close_All -->
  <testcase classname="base.Base" name="@BeforeSuite startUp" time="0.0">
    <ignored/>
  </testcase> <!-- @BeforeSuite startUp -->
  <testcase classname="base.Base" name="@AfterSuite Close_All" time="0.0">
    <ignored/>
  </testcase> <!-- @AfterSuite Close_All -->
</testsuite> <!-- Test -->
